[     234ms] [INFO] %cDownload the React DevTools for a better development experience: https://react.dev/link/react-devtools font-weight:bold @ http://localhost:3010/_next/static/chunks/node_modules_next_dist_115brz8._.js:2477
[     279ms] [LOG] [HMR] connected @ http://localhost:3010/_next/static/chunks/node_modules_next_dist_115brz8._.js:2477
[    1508ms] [ERROR] Failed to load resource: the server responded with a status of 404 (Not Found) @ http://localhost:3010/favicon.ico:0
[   50310ms] [WARNING] Image with src "/photos/hero-02.jpg" was detected as the Largest Contentful Paint (LCP). Please add the `loading="eager"` property if this image is above the fold.
Read more: https://nextjs.org/docs/app/api-reference/components/image#loading @ http://localhost:3010/_next/static/chunks/node_modules_next_dist_115brz8._.js:2477
[  318756ms] [LOG] [Fast Refresh] rebuilding @ http://localhost:3010/_next/static/chunks/node_modules_next_dist_115brz8._.js:2477
[  318840ms] [LOG] [Fast Refresh] done in 185ms @ http://localhost:3010/_next/static/chunks/node_modules_next_dist_115brz8._.js:2477
[  394683ms] [LOG] [Fast Refresh] rebuilding @ http://localhost:3010/_next/static/chunks/node_modules_next_dist_115brz8._.js:2477
[  394690ms] [LOG] [Fast Refresh] done in 108ms @ http://localhost:3010/_next/static/chunks/node_modules_next_dist_115brz8._.js:2477
[  510201ms] [LOG] [Fast Refresh] rebuilding @ http://localhost:3010/_next/static/chunks/node_modules_next_dist_115brz8._.js:2477
[  510588ms] [LOG] [Fast Refresh] done in 459ms @ http://localhost:3010/_next/static/chunks/node_modules_next_dist_115brz8._.js:2477
[  540110ms] [LOG] [Fast Refresh] rebuilding @ http://localhost:3010/_next/static/chunks/node_modules_next_dist_115brz8._.js:2477
[  540125ms] [LOG] [Fast Refresh] done in 117ms @ http://localhost:3010/_next/static/chunks/node_modules_next_dist_115brz8._.js:2477
[  545970ms] [LOG] [Fast Refresh] rebuilding @ http://localhost:3010/_next/static/chunks/node_modules_next_dist_115brz8._.js:2477
[  546229ms] [LOG] [Fast Refresh] done in 360ms @ http://localhost:3010/_next/static/chunks/node_modules_next_dist_115brz8._.js:2477
[  683826ms] [LOG] [Fast Refresh] rebuilding @ http://localhost:3010/_next/static/chunks/node_modules_next_dist_115brz8._.js:2477
[  683971ms] [LOG] [Fast Refresh] done in 247ms @ http://localhost:3010/_next/static/chunks/node_modules_next_dist_115brz8._.js:2477
[  777065ms] [LOG] [Fast Refresh] rebuilding @ http://localhost:3010/_next/static/chunks/node_modules_next_dist_115brz8._.js:2477
[  777296ms] [LOG] [Fast Refresh] done in 332ms @ http://localhost:3010/_next/static/chunks/node_modules_next_dist_115brz8._.js:2477
[  785562ms] [LOG] [Fast Refresh] rebuilding @ http://localhost:3010/_next/static/chunks/node_modules_next_dist_115brz8._.js:2477
[  785596ms] [LOG] [Fast Refresh] done in 134ms @ http://localhost:3010/_next/static/chunks/node_modules_next_dist_115brz8._.js:2477
[ 1539925ms] [LOG] [Fast Refresh] rebuilding @ http://localhost:3010/_next/static/chunks/node_modules_next_dist_115brz8._.js:2477
[ 1539956ms] [LOG] [Fast Refresh] done in 133ms @ http://localhost:3010/_next/static/chunks/node_modules_next_dist_115brz8._.js:2477
[ 4982644ms] [LOG] [HMR] connected @ http://localhost:3010/_next/static/chunks/node_modules_next_dist_115brz8._.js:2477
[41330359ms] [LOG] [Fast Refresh] rebuilding @ http://localhost:3010/_next/static/chunks/node_modules_next_dist_115brz8._.js:2477
[41330474ms] [WARNING] [Fast Refresh] performing full reload

Fast Refresh will perform a full reload when you edit a file that's imported by modules outside of the React rendering tree.
You might have a file which exports a React component but also exports a value that is imported by a non-React component file.
Consider migrating the non-React component export to a separate file and importing it into both files.

It is also possible the parent component of the component you edited is a class component, which disables Fast Refresh.
Fast Refresh requires at least one parent function component in your React tree. @ http://localhost:3010/_next/static/chunks/node_modules_next_dist_115brz8._.js:2477
[41330482ms] [LOG] [Fast Refresh] done in 212ms @ http://localhost:3010/_next/static/chunks/node_modules_next_dist_115brz8._.js:2477
